<?xml version="1.0" encoding="UTF-8"?>
<!-- Generated by org.testng.reporters.JUnitReportReporter -->
<testsuite hostname="DESKTOP-NG269CV" failures="0" tests="7" name="test.TestRunner1" time="35.946" errors="0" timestamp="2024-11-12T16:37:49 IST" skipped="0">
  <testcase classname="test.TestRunner1" name="runScenario" time="5.893"/>
  <system-out>
    <![CDATA[Login page is displayed
<br>Login successful]]>
  </system-out>
  <testcase classname="test.TestRunner1" name="runScenario" time="4.493"/>
  <system-out>
    <![CDATA[Login page is displayed
<br>Login successful]]>
  </system-out>
  <testcase classname="test.TestRunner1" name="runScenario" time="8.980"/>
  <system-out>
    <![CDATA[Login page is displayed
<br>Login successful]]>
  </system-out>
  <testcase classname="test.TestRunner1" name="runScenario" time="4.323"/>
  <system-out>
    <![CDATA[Login page is displayed
<br>Error message is Epic sadface: Password is required]]>
  </system-out>
  <testcase classname="test.TestRunner1" name="runScenario" time="4.031"/>
  <system-out>
    <![CDATA[Login page is displayed
<br>Error message is Epic sadface: Username and password do not match any user in this service]]>
  </system-out>
  <testcase classname="test.TestRunner1" name="runScenario" time="4.266"/>
  <system-out>
    <![CDATA[Login page is displayed
<br>Error message is Epic sadface: Username is required]]>
  </system-out>
  <testcase classname="test.TestRunner1" name="runScenario" time="3.960"/>
  <system-out>
    <![CDATA[Login page is displayed
<br>Error message is Epic sadface: Username and password do not match any user in this service]]>
  </system-out>
</testsuite> <!-- test.TestRunner1 -->
