<?xml version="1.0" encoding="UTF-8"?>
<!-- Generated by org.testng.reporters.JUnitReportReporter -->
<testsuite hostname="DESKTOP-NG269CV" failures="0" tests="7" name="test.TestRunner3AllReports" time="109.309" errors="0" timestamp="2024-11-22T10:25:26 IST" skipped="0">
  <testcase classname="test.TestRunner3AllReports" name="runScenario" time="20.603"/>
  <system-out>
    <![CDATA[Login page is displayed
<br>Login successful]]>
  </system-out>
  <testcase classname="test.TestRunner3AllReports" name="runScenario" time="13.407"/>
  <system-out>
    <![CDATA[Login page is displayed
<br>Login successful]]>
  </system-out>
  <testcase classname="test.TestRunner3AllReports" name="runScenario" time="14.389"/>
  <system-out>
    <![CDATA[Login page is displayed
<br>Error message is Epic sadface: Username is required]]>
  </system-out>
  <testcase classname="test.TestRunner3AllReports" name="runScenario" time="14.748"/>
  <system-out>
    <![CDATA[Login page is displayed
<br>Error message is Epic sadface: Username and password do not match any user in this service]]>
  </system-out>
  <testcase classname="test.TestRunner3AllReports" name="runScenario" time="18.504"/>
  <system-out>
    <![CDATA[Login page is displayed
<br>Login successful]]>
  </system-out>
  <testcase classname="test.TestRunner3AllReports" name="runScenario" time="14.550"/>
  <system-out>
    <![CDATA[Login page is displayed
<br>Error message is Epic sadface: Password is required]]>
  </system-out>
  <testcase classname="test.TestRunner3AllReports" name="runScenario" time="13.108"/>
  <system-out>
    <![CDATA[Login page is displayed
<br>Error message is Epic sadface: Username and password do not match any user in this service]]>
  </system-out>
</testsuite> <!-- test.TestRunner3AllReports -->
