<?xml version="1.0" encoding="UTF-8"?>
<!-- Generated by org.testng.reporters.JUnitReportReporter -->
<testsuite hostname="DESKTOP-NG269CV" failures="0" tests="7" name="test.TestRunner1ParallelScenarios" time="109.620" errors="0" timestamp="2024-11-22T10:25:26 IST" skipped="0">
  <testcase classname="test.TestRunner1ParallelScenarios" name="runScenario" time="13.176"/>
  <system-out>
    <![CDATA[Login page is displayed
<br>Error message is Epic sadface: Username and password do not match any user in this service]]>
  </system-out>
  <testcase classname="test.TestRunner1ParallelScenarios" name="runScenario" time="13.450"/>
  <system-out>
    <![CDATA[Login page is displayed
<br>Error message is Epic sadface: Password is required]]>
  </system-out>
  <testcase classname="test.TestRunner1ParallelScenarios" name="runScenario" time="15.385"/>
  <system-out>
    <![CDATA[Login page is displayed
<br>Error message is Epic sadface: Username is required]]>
  </system-out>
  <testcase classname="test.TestRunner1ParallelScenarios" name="runScenario" time="17.213"/>
  <system-out>
    <![CDATA[Login page is displayed
<br>Login successful]]>
  </system-out>
  <testcase classname="test.TestRunner1ParallelScenarios" name="runScenario" time="15.225"/>
  <system-out>
    <![CDATA[Login page is displayed
<br>Login successful]]>
  </system-out>
  <testcase classname="test.TestRunner1ParallelScenarios" name="runScenario" time="15.701"/>
  <system-out>
    <![CDATA[Login page is displayed
<br>Error message is Epic sadface: Username and password do not match any user in this service]]>
  </system-out>
  <testcase classname="test.TestRunner1ParallelScenarios" name="runScenario" time="19.470"/>
  <system-out>
    <![CDATA[Login page is displayed
<br>Login successful]]>
  </system-out>
</testsuite> <!-- test.TestRunner1ParallelScenarios -->
