<?xml version="1.0" encoding="UTF-8"?>
<!-- Generated by org.testng.reporters.JUnitReportReporter -->
<testsuite hostname="DESKTOP-NG269CV" failures="0" tests="35" name="test.TestRunner1" time="495.858" errors="0" timestamp="2024-11-12T22:35:00 IST" skipped="0">
  <testcase classname="test.TestRunner1" name="runScenario" time="14.387"/>
  <system-out>
    <![CDATA[Login page is displayed
<br>Error message is Epic sadface: Username and password do not match any user in this service]]>
  </system-out>
  <testcase classname="test.TestRunner1" name="runScenario" time="14.212"/>
  <system-out>
    <![CDATA[Login page is displayed
<br>Error message is Epic sadface: Username is required]]>
  </system-out>
  <testcase classname="test.TestRunner1" name="runScenario" time="16.913"/>
  <system-out>
    <![CDATA[Login page is displayed
<br>Login successful]]>
  </system-out>
  <testcase classname="test.TestRunner1" name="runScenario" time="15.083"/>
  <system-out>
    <![CDATA[Login page is displayed
<br>Error message is Epic sadface: Username is required]]>
  </system-out>
  <testcase classname="test.TestRunner1" name="runScenario" time="14.319"/>
  <system-out>
    <![CDATA[Login page is displayed
<br>Error message is Epic sadface: Username is required]]>
  </system-out>
  <testcase classname="test.TestRunner1" name="runScenario" time="5.552"/>
  <system-out>
    <![CDATA[Login page is displayed
<br>Error message is Epic sadface: Username and password do not match any user in this service]]>
  </system-out>
  <testcase classname="test.TestRunner1" name="runScenario" time="16.967"/>
  <system-out>
    <![CDATA[Login page is displayed
<br>Login successful]]>
  </system-out>
  <testcase classname="test.TestRunner1" name="runScenario" time="13.143"/>
  <system-out>
    <![CDATA[Login page is displayed
<br>Error message is Epic sadface: Username and password do not match any user in this service]]>
  </system-out>
  <testcase classname="test.TestRunner1" name="runScenario" time="10.271"/>
  <system-out>
    <![CDATA[Login page is displayed
<br>Login successful]]>
  </system-out>
  <testcase classname="test.TestRunner1" name="runScenario" time="4.826"/>
  <system-out>
    <![CDATA[Login page is displayed
<br>Error message is Epic sadface: Username and password do not match any user in this service]]>
  </system-out>
  <testcase classname="test.TestRunner1" name="runScenario" time="16.086"/>
  <system-out>
    <![CDATA[Login page is displayed
<br>Error message is Epic sadface: Password is required]]>
  </system-out>
  <testcase classname="test.TestRunner1" name="runScenario" time="16.650"/>
  <system-out>
    <![CDATA[Login page is displayed
<br>Login successful]]>
  </system-out>
  <testcase classname="test.TestRunner1" name="runScenario" time="7.168"/>
  <system-out>
    <![CDATA[Login page is displayed
<br>Login successful]]>
  </system-out>
  <testcase classname="test.TestRunner1" name="runScenario" time="21.996"/>
  <system-out>
    <![CDATA[Login page is displayed
<br>Login successful]]>
  </system-out>
  <testcase classname="test.TestRunner1" name="runScenario" time="16.930"/>
  <system-out>
    <![CDATA[Login page is displayed
<br>Login successful]]>
  </system-out>
  <testcase classname="test.TestRunner1" name="runScenario" time="22.040"/>
  <system-out>
    <![CDATA[Login page is displayed
<br>Login successful]]>
  </system-out>
  <testcase classname="test.TestRunner1" name="runScenario" time="6.472"/>
  <system-out>
    <![CDATA[Login page is displayed
<br>Error message is Epic sadface: Password is required]]>
  </system-out>
  <testcase classname="test.TestRunner1" name="runScenario" time="15.079"/>
  <system-out>
    <![CDATA[Login page is displayed
<br>Error message is Epic sadface: Username and password do not match any user in this service]]>
  </system-out>
  <testcase classname="test.TestRunner1" name="runScenario" time="14.269"/>
  <system-out>
    <![CDATA[Login page is displayed
<br>Error message is Epic sadface: Username and password do not match any user in this service]]>
  </system-out>
  <testcase classname="test.TestRunner1" name="runScenario" time="12.920"/>
  <system-out>
    <![CDATA[Login page is displayed
<br>Error message is Epic sadface: Username and password do not match any user in this service]]>
  </system-out>
  <testcase classname="test.TestRunner1" name="runScenario" time="12.473"/>
  <system-out>
    <![CDATA[Login page is displayed
<br>Error message is Epic sadface: Username and password do not match any user in this service]]>
  </system-out>
  <testcase classname="test.TestRunner1" name="runScenario" time="4.493"/>
  <system-out>
    <![CDATA[Login page is displayed
<br>Login successful]]>
  </system-out>
  <testcase classname="test.TestRunner1" name="runScenario" time="21.211"/>
  <system-out>
    <![CDATA[Login page is displayed
<br>Login successful]]>
  </system-out>
  <testcase classname="test.TestRunner1" name="runScenario" time="15.498"/>
  <system-out>
    <![CDATA[Login page is displayed
<br>Error message is Epic sadface: Password is required]]>
  </system-out>
  <testcase classname="test.TestRunner1" name="runScenario" time="15.316"/>
  <system-out>
    <![CDATA[Login page is displayed
<br>Error message is Epic sadface: Username is required]]>
  </system-out>
  <testcase classname="test.TestRunner1" name="runScenario" time="14.481"/>
  <system-out>
    <![CDATA[Login page is displayed
<br>Error message is Epic sadface: Password is required]]>
  </system-out>
  <testcase classname="test.TestRunner1" name="runScenario" time="4.047"/>
  <system-out>
    <![CDATA[Login page is displayed
<br>Error message is Epic sadface: Username is required]]>
  </system-out>
  <testcase classname="test.TestRunner1" name="runScenario" time="15.690"/>
  <system-out>
    <![CDATA[Login page is displayed
<br>Error message is Epic sadface: Password is required]]>
  </system-out>
  <testcase classname="test.TestRunner1" name="runScenario" time="16.971"/>
  <system-out>
    <![CDATA[Login page is displayed
<br>Login successful]]>
  </system-out>
  <testcase classname="test.TestRunner1" name="runScenario" time="13.326"/>
  <system-out>
    <![CDATA[Login page is displayed
<br>Error message is Epic sadface: Username and password do not match any user in this service]]>
  </system-out>
  <testcase classname="test.TestRunner1" name="runScenario" time="16.949"/>
  <system-out>
    <![CDATA[Login page is displayed
<br>Login successful]]>
  </system-out>
  <testcase classname="test.TestRunner1" name="runScenario" time="22.135"/>
  <system-out>
    <![CDATA[Login page is displayed
<br>Login successful]]>
  </system-out>
  <testcase classname="test.TestRunner1" name="runScenario" time="13.883"/>
  <system-out>
    <![CDATA[Login page is displayed
<br>Error message is Epic sadface: Username and password do not match any user in this service]]>
  </system-out>
  <testcase classname="test.TestRunner1" name="runScenario" time="17.429"/>
  <system-out>
    <![CDATA[Login page is displayed
<br>Login successful]]>
  </system-out>
  <testcase classname="test.TestRunner1" name="runScenario" time="16.673"/>
  <system-out>
    <![CDATA[Login page is displayed
<br>Login successful]]>
  </system-out>
</testsuite> <!-- test.TestRunner1 -->
