<?xml version="1.0" encoding="UTF-8"?>
<!-- Generated by org.testng.reporters.JUnitReportReporter -->
<testsuite hostname="DESKTOP-NG269CV" failures="0" tests="7" name="test.TestRunner2ExtentReports" time="109.177" errors="0" timestamp="2024-11-22T10:25:26 IST" skipped="0">
  <testcase classname="test.TestRunner2ExtentReports" name="runScenario" time="13.489"/>
  <system-out>
    <![CDATA[Login page is displayed
<br>Error message is Epic sadface: Password is required]]>
  </system-out>
  <testcase classname="test.TestRunner2ExtentReports" name="runScenario" time="16.730"/>
  <system-out>
    <![CDATA[Login page is displayed
<br>Login successful]]>
  </system-out>
  <testcase classname="test.TestRunner2ExtentReports" name="runScenario" time="12.610"/>
  <system-out>
    <![CDATA[Login page is displayed
<br>Error message is Epic sadface: Username and password do not match any user in this service]]>
  </system-out>
  <testcase classname="test.TestRunner2ExtentReports" name="runScenario" time="15.436"/>
  <system-out>
    <![CDATA[Login page is displayed
<br>Error message is Epic sadface: Username and password do not match any user in this service]]>
  </system-out>
  <testcase classname="test.TestRunner2ExtentReports" name="runScenario" time="14.860"/>
  <system-out>
    <![CDATA[Login page is displayed
<br>Error message is Epic sadface: Username is required]]>
  </system-out>
  <testcase classname="test.TestRunner2ExtentReports" name="runScenario" time="20.021"/>
  <system-out>
    <![CDATA[Login page is displayed
<br>Login successful]]>
  </system-out>
  <testcase classname="test.TestRunner2ExtentReports" name="runScenario" time="16.031"/>
  <system-out>
    <![CDATA[Login page is displayed
<br>Login successful]]>
  </system-out>
</testsuite> <!-- test.TestRunner2ExtentReports -->
